-------------------------------------------------------------------------------
Test set: com.example.tddestudo.TddEstudoApplicationTests
-------------------------------------------------------------------------------
Tests run: 1, Failures: 0, Errors: 1, Skipped: 0, Time elapsed: 4.776 s <<< FAILURE! - in com.example.tddestudo.TddEstudoApplicationTests
contextLoads  Time elapsed: 0.016 s  <<< ERROR!
java.lang.IllegalStateException: Failed to load ApplicationContext
Caused by: org.springframework.beans.factory.UnsatisfiedDependencyException: Error creating bean with name 'bookingService': Unsatisfied dependency expressed through field 'bookingRepository'; nested exception is org.springframework.beans.factory.BeanCreationException: Error creating bean with name 'bookingRepository' defined in com.example.tddestudo.repository.BookingRepository defined in @EnableJpaRepositories declared on JpaRepositoriesRegistrar.EnableJpaRepositoriesConfiguration: Invocation of init method failed; nested exception is java.lang.IllegalArgumentException: Not a managed type: class com.example.tddestudo.model.BookingModel
Caused by: org.springframework.beans.factory.BeanCreationException: Error creating bean with name 'bookingRepository' defined in com.example.tddestudo.repository.BookingRepository defined in @EnableJpaRepositories declared on JpaRepositoriesRegistrar.EnableJpaRepositoriesConfiguration: Invocation of init method failed; nested exception is java.lang.IllegalArgumentException: Not a managed type: class com.example.tddestudo.model.BookingModel
Caused by: java.lang.IllegalArgumentException: Not a managed type: class com.example.tddestudo.model.BookingModel

